[2023-12-21T10:46:35.441+0000] {taskinstance.py:1159} INFO - Dependencies all met for dep_context=non-requeueable deps ti=<TaskInstance: 12_21_fx_mkt_data.first_attempt manual__2023-12-21T10:46:31.523441+00:00 [queued]>
[2023-12-21T10:46:35.473+0000] {taskinstance.py:1159} INFO - Dependencies all met for dep_context=requeueable deps ti=<TaskInstance: 12_21_fx_mkt_data.first_attempt manual__2023-12-21T10:46:31.523441+00:00 [queued]>
[2023-12-21T10:46:35.474+0000] {taskinstance.py:1361} INFO - Starting attempt 1 of 6
[2023-12-21T10:46:35.530+0000] {taskinstance.py:1382} INFO - Executing <Task(PythonOperator): first_attempt> on 2023-12-21 10:46:31.523441+00:00
[2023-12-21T10:46:35.548+0000] {standard_task_runner.py:57} INFO - Started process 2216 to run task
[2023-12-21T10:46:35.556+0000] {standard_task_runner.py:84} INFO - Running: ['airflow', 'tasks', 'run', '12_21_fx_mkt_data', 'first_attempt', 'manual__2023-12-21T10:46:31.523441+00:00', '--job-id', '69', '--raw', '--subdir', 'DAGS_FOLDER/get_fx_mkt_data.py', '--cfg-path', '/tmp/tmpwyb0di71']
[2023-12-21T10:46:35.563+0000] {standard_task_runner.py:85} INFO - Job 69: Subtask first_attempt
[2023-12-21T10:46:35.794+0000] {task_command.py:416} INFO - Running <TaskInstance: 12_21_fx_mkt_data.first_attempt manual__2023-12-21T10:46:31.523441+00:00 [running]> on host a265892d508c
[2023-12-21T10:46:36.174+0000] {taskinstance.py:1662} INFO - Exporting env vars: AIRFLOW_CTX_DAG_OWNER='airflow' AIRFLOW_CTX_DAG_ID='12_21_fx_mkt_data' AIRFLOW_CTX_TASK_ID='first_attempt' AIRFLOW_CTX_EXECUTION_DATE='2023-12-21T10:46:31.523441+00:00' AIRFLOW_CTX_TRY_NUMBER='1' AIRFLOW_CTX_DAG_RUN_ID='manual__2023-12-21T10:46:31.523441+00:00'
[2023-12-21T10:46:36.178+0000] {oandapyV20.py:207} INFO - setting up API-client for environment practice
[2023-12-21T10:46:37.223+0000] {oandapyV20.py:261} INFO - performing request https://api-fxpractice.oanda.com/v3/instruments/EUR_USD/candles
[2023-12-21T10:46:37.666+0000] {logging_mixin.py:154} INFO -                            volume     open     high      low    close
time                                                                 
2023-12-20 00:00:00+00:00     505  1.09796  1.09796  1.09734  1.09735
2023-12-20 00:15:00+00:00     494  1.09736  1.09746  1.09718  1.09734
2023-12-20 00:30:00+00:00     393  1.09742  1.09748  1.09720  1.09728
2023-12-20 00:45:00+00:00     673  1.09728  1.09748  1.09723  1.09734
2023-12-20 01:00:00+00:00     697  1.09733  1.09744  1.09716  1.09738
...                           ...      ...      ...      ...      ...
2023-12-21 09:45:00+00:00    1186  1.09454  1.09466  1.09409  1.09438
2023-12-21 10:00:00+00:00    1003  1.09438  1.09458  1.09400  1.09452
2023-12-21 10:15:00+00:00     899  1.09451  1.09475  1.09415  1.09422
2023-12-21 10:30:00+00:00    1202  1.09420  1.09466  1.09403  1.09460
2023-12-21 10:45:00+00:00      97  1.09458  1.09476  1.09457  1.09475

[140 rows x 5 columns]
[2023-12-21T10:46:37.675+0000] {python.py:194} INFO - Done. Returned value was: None
[2023-12-21T10:46:37.759+0000] {taskinstance.py:1400} INFO - Marking task as SUCCESS. dag_id=12_21_fx_mkt_data, task_id=first_attempt, execution_date=20231221T104631, start_date=20231221T104635, end_date=20231221T104637
[2023-12-21T10:46:37.907+0000] {local_task_job_runner.py:228} INFO - Task exited with return code 0
[2023-12-21T10:46:38.063+0000] {taskinstance.py:2778} INFO - 0 downstream tasks scheduled from follow-on schedule check
