[2023-12-21T05:40:51.393+0000] {taskinstance.py:1159} INFO - Dependencies all met for dep_context=non-requeueable deps ti=<TaskInstance: 12_20_download_fx_mkt_data.first_attempt manual__2023-12-21T05:40:38.944632+00:00 [queued]>
[2023-12-21T05:40:51.437+0000] {taskinstance.py:1159} INFO - Dependencies all met for dep_context=requeueable deps ti=<TaskInstance: 12_20_download_fx_mkt_data.first_attempt manual__2023-12-21T05:40:38.944632+00:00 [queued]>
[2023-12-21T05:40:51.438+0000] {taskinstance.py:1361} INFO - Starting attempt 1 of 6
[2023-12-21T05:40:51.493+0000] {taskinstance.py:1382} INFO - Executing <Task(PythonOperator): first_attempt> on 2023-12-21 05:40:38.944632+00:00
[2023-12-21T05:40:51.514+0000] {standard_task_runner.py:57} INFO - Started process 498 to run task
[2023-12-21T05:40:51.529+0000] {standard_task_runner.py:84} INFO - Running: ['airflow', 'tasks', 'run', '12_20_download_fx_mkt_data', 'first_attempt', 'manual__2023-12-21T05:40:38.944632+00:00', '--job-id', '30', '--raw', '--subdir', 'DAGS_FOLDER/get_fx_mkt_data.py', '--cfg-path', '/tmp/tmprvdzm1gf']
[2023-12-21T05:40:51.537+0000] {standard_task_runner.py:85} INFO - Job 30: Subtask first_attempt
[2023-12-21T05:40:51.938+0000] {task_command.py:416} INFO - Running <TaskInstance: 12_20_download_fx_mkt_data.first_attempt manual__2023-12-21T05:40:38.944632+00:00 [running]> on host d06a52a8891f
[2023-12-21T05:40:52.438+0000] {taskinstance.py:1662} INFO - Exporting env vars: AIRFLOW_CTX_DAG_OWNER='airflow' AIRFLOW_CTX_DAG_ID='12_20_download_fx_mkt_data' AIRFLOW_CTX_TASK_ID='first_attempt' AIRFLOW_CTX_EXECUTION_DATE='2023-12-21T05:40:38.944632+00:00' AIRFLOW_CTX_TRY_NUMBER='1' AIRFLOW_CTX_DAG_RUN_ID='manual__2023-12-21T05:40:38.944632+00:00'
[2023-12-21T05:40:55.155+0000] {logging_mixin.py:154} INFO -    Tickers
0  GBP_USD
1  USD_JPY
2  EUR_USD
3  AUD_USD
4  EUR_JPY
5  GBP_JPY
6  NZD_USD
[2023-12-21T05:40:55.170+0000] {python.py:194} INFO - Done. Returned value was: None
[2023-12-21T05:40:55.276+0000] {taskinstance.py:1400} INFO - Marking task as SUCCESS. dag_id=12_20_download_fx_mkt_data, task_id=first_attempt, execution_date=20231221T054038, start_date=20231221T054051, end_date=20231221T054055
[2023-12-21T05:40:55.375+0000] {local_task_job_runner.py:228} INFO - Task exited with return code 0
[2023-12-21T05:40:55.476+0000] {taskinstance.py:2778} INFO - 0 downstream tasks scheduled from follow-on schedule check
